{
  "RSpec": {
    "coverage": {
      "/home/ubuntu/workspace/lms/app/models/user.rb": [
        1,
        null,
        null,
        1,
        null,
        null,
        null
      ],
      "/home/ubuntu/workspace/lms/app/models/application_record.rb": [
        1,
        1,
        null
      ],
      "/home/ubuntu/workspace/lms/app/helpers/application_helper.rb": [
        1,
        null
      ],
      "/home/ubuntu/workspace/lms/db/seeds.rb": [
        1,
        1,
        null,
        1,
        null,
        1,
        1,
        1,
        1,
        1
      ],
      "/home/ubuntu/workspace/lms/app/models/registration.rb": [
        1,
        1,
        1,
        null,
        1,
        null
      ],
      "/home/ubuntu/workspace/lms/app/models/course.rb": [
        1,
        1,
        null
      ],
      "/home/ubuntu/workspace/lms/app/controllers/application_controller.rb": [
        1,
        1,
        1,
        null,
        null,
        1,
        null,
        null,
        null,
        1,
        4,
        4,
        4,
        4,
        null,
        null,
        1,
        0,
        null,
        null,
        null,
        1,
        0,
        null,
        null
      ],
      "/home/ubuntu/workspace/lms/app/controllers/home_controller.rb": [
        1,
        1,
        null,
        null,
        null
      ],
      "/home/ubuntu/workspace/lms/app/controllers/registrations_controller.rb": [
        1,
        1,
        0,
        null,
        null,
        1,
        null,
        1,
        1,
        1,
        1,
        null,
        null,
        null,
        null,
        1,
        0,
        null,
        0,
        0,
        null,
        0,
        null,
        null,
        null,
        null
      ],
      "/home/ubuntu/workspace/lms/app/jobs/application_job.rb": [
        0,
        0
      ],
      "/home/ubuntu/workspace/lms/app/controllers/courses_controller.rb": [
        0,
        null,
        0,
        0,
        0,
        null,
        0,
        0,
        0,
        null,
        0,
        0,
        0,
        0,
        0,
        0,
        0,
        0,
        null,
        0
      ],
      "/home/ubuntu/workspace/lms/app/controllers/users_controller.rb": [
        0,
        null,
        null,
        0,
        null,
        0,
        null,
        null,
        0,
        0,
        null,
        null,
        0,
        null,
        0,
        0,
        null,
        null,
        null,
        0,
        null,
        0,
        0,
        null,
        0,
        0,
        0,
        0,
        0,
        0,
        null,
        0
      ]
    },
    "timestamp": 1503964779
  }
}
